[debug] [2021-10-23T06:10:03.943Z] ----------------------------------------------------------------------
[debug] [2021-10-23T06:10:03.947Z] Command:       C:\Program Files (x86)\nodejs\node.exe C:\Users\User\AppData\Roaming\npm\node_modules\firebase-tools\lib\bin\firebase.js deploy
[debug] [2021-10-23T06:10:03.947Z] CLI Version:   9.21.0
[debug] [2021-10-23T06:10:03.948Z] Platform:      win32
[debug] [2021-10-23T06:10:03.948Z] Node Version:  v14.17.5
[debug] [2021-10-23T06:10:03.960Z] Time:          Sat Oct 23 2021 12:10:03 GMT+0600 (Bangladesh Standard Time)
[debug] [2021-10-23T06:10:03.960Z] ----------------------------------------------------------------------
[debug] 
[debug] [2021-10-23T06:10:04.066Z] > command requires scopes: ["email","openid","https://www.googleapis.com/auth/cloudplatformprojects.readonly","https://www.googleapis.com/auth/firebase","https://www.googleapis.com/auth/cloud-platform"]
[debug] [2021-10-23T06:10:04.067Z] > authorizing via signed-in user (noushinnaina2626@gmail.com)
[debug] [2021-10-23T06:10:04.067Z] [iam] checking project arial-fan for permissions ["firebase.projects.get","firebasehosting.sites.update"]
[debug] [2021-10-23T06:10:04.075Z] > refreshing access token with scopes: ["email","https://www.googleapis.com/auth/cloud-platform","https://www.googleapis.com/auth/cloudplatformprojects.readonly","https://www.googleapis.com/auth/firebase","openid"]
[debug] [2021-10-23T06:10:04.076Z] >>> HTTP REQUEST POST https://www.googleapis.com/oauth2/v3/token  
 <request body omitted>
[debug] [2021-10-23T06:10:05.324Z] <<< HTTP RESPONSE 200 {"cache-control":"no-cache, no-store, max-age=0, must-revalidate","expires":"Mon, 01 Jan 1990 00:00:00 GMT","date":"Sat, 23 Oct 2021 06:11:19 GMT","pragma":"no-cache","content-type":"application/json; charset=utf-8","vary":"X-Origin, Referer, Origin,Accept-Encoding","server":"scaffolding on HTTPServer2","x-xss-protection":"0","x-frame-options":"SAMEORIGIN","x-content-type-options":"nosniff","alt-svc":"h3=\":443\"; ma=2592000,h3-29=\":443\"; ma=2592000,h3-Q050=\":443\"; ma=2592000,h3-Q046=\":443\"; ma=2592000,h3-Q043=\":443\"; ma=2592000","accept-ranges":"none","transfer-encoding":"chunked"}
[debug] [2021-10-23T06:10:05.387Z] >>> HTTP REQUEST POST https://cloudresourcemanager.googleapis.com/v1/projects/arial-fan:testIamPermissions  
 {"permissions":["firebase.projects.get","firebasehosting.sites.update"]}
[debug] [2021-10-23T06:10:07.737Z] <<< HTTP RESPONSE 200 {"content-type":"application/json; charset=UTF-8","vary":"X-Origin, Referer, Origin,Accept-Encoding","date":"Sat, 23 Oct 2021 06:11:22 GMT","server":"ESF","cache-control":"private","x-xss-protection":"0","x-frame-options":"SAMEORIGIN","x-content-type-options":"nosniff","server-timing":"gfet4t7; dur=1308","alt-svc":"h3=\":443\"; ma=2592000,h3-29=\":443\"; ma=2592000,h3-Q050=\":443\"; ma=2592000,h3-Q046=\":443\"; ma=2592000,h3-Q043=\":443\"; ma=2592000","accept-ranges":"none","transfer-encoding":"chunked"}
[debug] [2021-10-23T06:10:07.739Z] > refreshing access token with scopes: []
[debug] [2021-10-23T06:10:07.740Z] >>> HTTP REQUEST POST https://www.googleapis.com/oauth2/v3/token  
 <request body omitted>
[debug] [2021-10-23T06:10:08.240Z] <<< HTTP RESPONSE 200 {"date":"Sat, 23 Oct 2021 06:11:22 GMT","expires":"Mon, 01 Jan 1990 00:00:00 GMT","cache-control":"no-cache, no-store, max-age=0, must-revalidate","pragma":"no-cache","content-type":"application/json; charset=utf-8","vary":"X-Origin, Referer, Origin,Accept-Encoding","server":"scaffolding on HTTPServer2","x-xss-protection":"0","x-frame-options":"SAMEORIGIN","x-content-type-options":"nosniff","alt-svc":"h3=\":443\"; ma=2592000,h3-29=\":443\"; ma=2592000,h3-Q050=\":443\"; ma=2592000,h3-Q046=\":443\"; ma=2592000,h3-Q043=\":443\"; ma=2592000","accept-ranges":"none","transfer-encoding":"chunked"}
[debug] [2021-10-23T06:10:08.289Z] >>> [apiv2][query] GET https://firebase.googleapis.com/v1beta1/projects/arial-fan [none]
[debug] [2021-10-23T06:10:09.357Z] <<< [apiv2][status] GET https://firebase.googleapis.com/v1beta1/projects/arial-fan 200
[debug] [2021-10-23T06:10:09.357Z] <<< [apiv2][body] GET https://firebase.googleapis.com/v1beta1/projects/arial-fan {"projectId":"arial-fan","projectNumber":"628062755288","displayName":"Arial-fan","name":"projects/arial-fan","resources":{"hostingSite":"arial-fan"},"state":"ACTIVE"}
[info] 
[info] === Deploying to 'arial-fan'...
[info] 
[info] i  deploying hosting 
[debug] [2021-10-23T06:10:09.369Z] > refreshing access token with scopes: ["email","https://www.googleapis.com/auth/cloud-platform","https://www.googleapis.com/auth/cloudplatformprojects.readonly","https://www.googleapis.com/auth/firebase","openid"]
[debug] [2021-10-23T06:10:09.369Z] >>> HTTP REQUEST POST https://www.googleapis.com/oauth2/v3/token  
 <request body omitted>
[debug] [2021-10-23T06:10:10.948Z] <<< HTTP RESPONSE 200 {"pragma":"no-cache","cache-control":"no-cache, no-store, max-age=0, must-revalidate","date":"Sat, 23 Oct 2021 06:11:24 GMT","expires":"Mon, 01 Jan 1990 00:00:00 GMT","content-type":"application/json; charset=utf-8","vary":"X-Origin, Referer, Origin,Accept-Encoding","server":"scaffolding on HTTPServer2","x-xss-protection":"0","x-frame-options":"SAMEORIGIN","x-content-type-options":"nosniff","alt-svc":"h3=\":443\"; ma=2592000,h3-29=\":443\"; ma=2592000,h3-Q050=\":443\"; ma=2592000,h3-Q046=\":443\"; ma=2592000,h3-Q043=\":443\"; ma=2592000","accept-ranges":"none","transfer-encoding":"chunked"}
[debug] [2021-10-23T06:10:11.003Z] >>> HTTP REQUEST POST https://firebasehosting.googleapis.com/v1beta1/sites/arial-fan/versions  
 {"config":{"rewrites":[{"glob":"**","path":"/index.html"}]},"labels":{"deployment-tool":"cli-firebase"}}
[debug] [2021-10-23T06:10:32.787Z] Error: connect ETIMEDOUT 142.251.42.42:443
    at TCPConnectWrap.afterConnect [as oncomplete] (net.js:1148:16)
[error] 
[error] Error: Server Error. connect ETIMEDOUT 142.251.42.42:443
